1662316694839	geckodriver	INFO	Listening on 127.0.0.1:58743
1662316731009	geckodriver	INFO	Listening on 127.0.0.1:58756
1662317031542	geckodriver	INFO	Listening on 127.0.0.1:50056
1662317117717	geckodriver	INFO	Listening on 127.0.0.1:50134
1662317120809	mozrunner::runner	INFO	Running command: "C:\\Program Files\\Mozilla Firefox\\firefox.exe" "--marionette" "-headless" "--remote-debugging-port" "50135" "--remote-allow-hosts" "localhost" "-no-remote" "-profile" "C:\\Users\\samue\\AppData\\Local\\Temp\\rust_mozprofilemXauIy"
*** You are running in headless mode.
1662317121112	Marionette	INFO	Marionette enabled
1662317121117	Marionette	INFO	Listening on port 50144
WebDriver BiDi listening on ws://localhost:50135
Read port: 50144
1662317121304	RemoteAgent	WARN	TLS certificate errors will be ignored for this session
[GFX1-]: RenderCompositorSWGL failed mapping default framebuffer, no dt
console.warn: SearchSettings: "get: No settings file exists, new profile?" (new NotFoundError("Could not open the file at C:\\Users\\samue\\AppData\\Local\\Temp\\rust_mozprofilemXauIy\\search.json.mozlz4", (void 0)))
DevTools listening on ws://localhost:50135/devtools/browser/afaae997-9dc2-4e0c-bfcc-9cce5481dd28
console.error: services.settings: 
  main/query-stripping Signature failed  InvalidSignatureError: Invalid content signature (main/query-stripping)
console.error: services.settings: 
  main/query-stripping local data was corrupted
console.warn: services.settings: main/query-stripping Signature verified failed. Retry from scratch
console.error: services.settings: 
  main/query-stripping Signature failed again InvalidSignatureError: Invalid content signature (main/query-stripping)
JavaScript warning: https://assets.adobedtm.com/a5ea4e8f4344/1648c62d3986/launch-53368d199d70.min.js, line 6: WEBGL_debug_renderer_info is deprecated in Firefox and will be removed. Please use RENDERER.
1662317126242	Marionette	INFO	Stopped listening on port 50144
JavaScript error: resource://gre/modules/Sqlite.jsm, line 1108: Error: Sqlite.jsm has been shutdown. Cannot open connection to: C:\Users\samue\AppData\Local\Temp\rust_mozprofilemXauIy\protections.sqlite
1662317161785	geckodriver	INFO	Listening on 127.0.0.1:50281
1662317164852	mozrunner::runner	INFO	Running command: "C:\\Program Files\\Mozilla Firefox\\firefox.exe" "--marionette" "-headless" "--remote-debugging-port" "50282" "--remote-allow-hosts" "localhost" "-no-remote" "-profile" "C:\\Users\\samue\\AppData\\Local\\Temp\\rust_mozprofilefHkfIq"
*** You are running in headless mode.
1662317165117	Marionette	INFO	Marionette enabled
1662317165121	Marionette	INFO	Listening on port 50291
WebDriver BiDi listening on ws://localhost:50282
Read port: 50291
1662317165314	RemoteAgent	WARN	TLS certificate errors will be ignored for this session
[GFX1-]: RenderCompositorSWGL failed mapping default framebuffer, no dt
console.warn: SearchSettings: "get: No settings file exists, new profile?" (new NotFoundError("Could not open the file at C:\\Users\\samue\\AppData\\Local\\Temp\\rust_mozprofilefHkfIq\\search.json.mozlz4", (void 0)))
DevTools listening on ws://localhost:50282/devtools/browser/fd1ab289-1408-4dbe-8a12-638ccc1b35f1
console.error: services.settings: 
  main/query-stripping Signature failed  InvalidSignatureError: Invalid content signature (main/query-stripping)
console.error: services.settings: 
  main/query-stripping local data was corrupted
console.warn: services.settings: main/query-stripping Signature verified failed. Retry from scratch
console.error: services.settings: 
  main/query-stripping Signature failed again InvalidSignatureError: Invalid content signature (main/query-stripping)
JavaScript warning: https://assets.adobedtm.com/a5ea4e8f4344/1648c62d3986/launch-53368d199d70.min.js, line 6: WEBGL_debug_renderer_info is deprecated in Firefox and will be removed. Please use RENDERER.
JavaScript warning: https://pagead2.googlesyndication.com/bg/PsgKtCaN-XibavDd5zYoPighR_y43YjKXjrNcIggNuI.js line 2 > eval line 5265 > eval line 1 > eval line 1 > eval, line 1: WEBGL_debug_renderer_info is deprecated in Firefox and will be removed. Please use RENDERER.
JavaScript warning: https://pagead2.googlesyndication.com/bg/PsgKtCaN-XibavDd5zYoPighR_y43YjKXjrNcIggNuI.js line 2 > eval line 5903 > eval line 1 > eval line 1 > eval, line 1: WEBGL_debug_renderer_info is deprecated in Firefox and will be removed. Please use RENDERER.
JavaScript warning: https://pagead2.googlesyndication.com/bg/PsgKtCaN-XibavDd5zYoPighR_y43YjKXjrNcIggNuI.js line 2 > eval line 1450 > eval line 1 > eval line 1 > eval, line 1: WEBGL_debug_renderer_info is deprecated in Firefox and will be removed. Please use RENDERER.
1662317181397	Marionette	INFO	Stopped listening on port 50291
JavaScript error: , line 0: TypeError: NetworkError when attempting to fetch resource.
JavaScript error: , line 0: TypeError: NetworkError when attempting to fetch resource.
JavaScript error: resource://gre/modules/Sqlite.jsm, line 1108: Error: Sqlite.jsm has been shutdown. Cannot open connection to: C:\Users\samue\AppData\Local\Temp\rust_mozprofilefHkfIq\protections.sqlite
1662317187573	geckodriver	INFO	Listening on 127.0.0.1:50451
1662317190632	mozrunner::runner	INFO	Running command: "C:\\Program Files\\Mozilla Firefox\\firefox.exe" "--marionette" "-headless" "--remote-debugging-port" "50452" "--remote-allow-hosts" "localhost" "-no-remote" "-profile" "C:\\Users\\samue\\AppData\\Local\\Temp\\rust_mozprofileGatKPn"
*** You are running in headless mode.
1662317190900	Marionette	INFO	Marionette enabled
1662317190903	Marionette	INFO	Listening on port 50461
WebDriver BiDi listening on ws://localhost:50452
Read port: 50461
1662317191091	RemoteAgent	WARN	TLS certificate errors will be ignored for this session
[GFX1-]: RenderCompositorSWGL failed mapping default framebuffer, no dt
console.warn: SearchSettings: "get: No settings file exists, new profile?" (new NotFoundError("Could not open the file at C:\\Users\\samue\\AppData\\Local\\Temp\\rust_mozprofileGatKPn\\search.json.mozlz4", (void 0)))
DevTools listening on ws://localhost:50452/devtools/browser/babb444e-a7e7-4191-9f22-cd5b24e8c03d
console.error: services.settings: 
  main/query-stripping Signature failed  InvalidSignatureError: Invalid content signature (main/query-stripping)
console.error: services.settings: 
  main/query-stripping local data was corrupted
console.warn: services.settings: main/query-stripping Signature verified failed. Retry from scratch
console.error: services.settings: 
  main/query-stripping Signature failed again InvalidSignatureError: Invalid content signature (main/query-stripping)
JavaScript warning: https://assets.adobedtm.com/a5ea4e8f4344/1648c62d3986/launch-53368d199d70.min.js, line 6: WEBGL_debug_renderer_info is deprecated in Firefox and will be removed. Please use RENDERER.
JavaScript warning: https://pagead2.googlesyndication.com/bg/PsgKtCaN-XibavDd5zYoPighR_y43YjKXjrNcIggNuI.js line 2 > eval line 2568 > eval line 1 > eval line 1 > eval, line 1: WEBGL_debug_renderer_info is deprecated in Firefox and will be removed. Please use RENDERER.
JavaScript warning: https://pagead2.googlesyndication.com/bg/PsgKtCaN-XibavDd5zYoPighR_y43YjKXjrNcIggNuI.js line 2 > eval line 707 > eval line 1 > eval line 1 > eval, line 1: WEBGL_debug_renderer_info is deprecated in Firefox and will be removed. Please use RENDERER.
JavaScript warning: https://pagead2.googlesyndication.com/bg/PsgKtCaN-XibavDd5zYoPighR_y43YjKXjrNcIggNuI.js line 2 > eval line 5838 > eval line 1 > eval line 1 > eval, line 1: WEBGL_debug_renderer_info is deprecated in Firefox and will be removed. Please use RENDERER.
1662317205742	Marionette	INFO	Stopped listening on port 50461
JavaScript error: resource://gre/modules/Sqlite.jsm, line 1108: Error: Sqlite.jsm has been shutdown. Cannot open connection to: C:\Users\samue\AppData\Local\Temp\rust_mozprofileGatKPn\protections.sqlite
1662317271417	geckodriver	INFO	Listening on 127.0.0.1:49527
1662317274470	mozrunner::runner	INFO	Running command: "C:\\Program Files\\Mozilla Firefox\\firefox.exe" "--marionette" "-headless" "--remote-debugging-port" "49528" "--remote-allow-hosts" "localhost" "-no-remote" "-profile" "C:\\Users\\samue\\AppData\\Local\\Temp\\rust_mozprofilesiUlPn"
*** You are running in headless mode.
1662317274740	Marionette	INFO	Marionette enabled
1662317274744	Marionette	INFO	Listening on port 49537
WebDriver BiDi listening on ws://localhost:49528
Read port: 49537
1662317274869	RemoteAgent	WARN	TLS certificate errors will be ignored for this session
[GFX1-]: RenderCompositorSWGL failed mapping default framebuffer, no dt
console.warn: SearchSettings: "get: No settings file exists, new profile?" (new NotFoundError("Could not open the file at C:\\Users\\samue\\AppData\\Local\\Temp\\rust_mozprofilesiUlPn\\search.json.mozlz4", (void 0)))
DevTools listening on ws://localhost:49528/devtools/browser/0a3f8bad-b086-4ace-902e-e35141a53ee3
console.error: services.settings: 
  main/query-stripping Signature failed  InvalidSignatureError: Invalid content signature (main/query-stripping)
console.error: services.settings: 
  main/query-stripping local data was corrupted
console.warn: services.settings: main/query-stripping Signature verified failed. Retry from scratch
console.error: services.settings: 
  main/query-stripping Signature failed again InvalidSignatureError: Invalid content signature (main/query-stripping)
JavaScript warning: https://assets.adobedtm.com/a5ea4e8f4344/1648c62d3986/launch-53368d199d70.min.js, line 6: WEBGL_debug_renderer_info is deprecated in Firefox and will be removed. Please use RENDERER.
1662317291061	Marionette	INFO	Stopped listening on port 49537
JavaScript error: resource://gre/modules/AsyncShutdown.jsm, line 719: Error: Phase "Sqlite.jsm: wait until all connections are closed" is finished, it is too late to register completion condition "protections.sqlite#0: waiting for shutdown"
1662317296120	geckodriver	INFO	Listening on 127.0.0.1:49685
1662317299191	mozrunner::runner	INFO	Running command: "C:\\Program Files\\Mozilla Firefox\\firefox.exe" "--marionette" "--remote-debugging-port" "49686" "--remote-allow-hosts" "localhost" "-no-remote" "-profile" "C:\\Users\\samue\\AppData\\Local\\Temp\\rust_mozprofile5H2Efg"
1662317299457	Marionette	INFO	Marionette enabled
1662317299461	Marionette	INFO	Listening on port 49695
WebDriver BiDi listening on ws://localhost:49686
Read port: 49695
1662317299622	RemoteAgent	WARN	TLS certificate errors will be ignored for this session
console.warn: SearchSettings: "get: No settings file exists, new profile?" (new NotFoundError("Could not open the file at C:\\Users\\samue\\AppData\\Local\\Temp\\rust_mozprofile5H2Efg\\search.json.mozlz4", (void 0)))
DevTools listening on ws://localhost:49686/devtools/browser/606ab97e-0b0b-44ac-a0b7-f9756ad86012
console.error: services.settings: 
  main/query-stripping Signature failed  InvalidSignatureError: Invalid content signature (main/query-stripping)
console.error: services.settings: 
  main/query-stripping local data was corrupted
console.warn: services.settings: main/query-stripping Signature verified failed. Retry from scratch
console.error: services.settings: 
  main/query-stripping Signature failed again InvalidSignatureError: Invalid content signature (main/query-stripping)
JavaScript warning: https://assets.adobedtm.com/a5ea4e8f4344/1648c62d3986/launch-53368d199d70.min.js, line 6: WEBGL_debug_renderer_info is deprecated in Firefox and will be removed. Please use RENDERER.
JavaScript warning: https://pagead2.googlesyndication.com/bg/PsgKtCaN-XibavDd5zYoPighR_y43YjKXjrNcIggNuI.js line 2 > eval line 4641 > eval line 1 > eval line 1 > eval, line 1: WEBGL_debug_renderer_info is deprecated in Firefox and will be removed. Please use RENDERER.
JavaScript warning: https://pagead2.googlesyndication.com/bg/PsgKtCaN-XibavDd5zYoPighR_y43YjKXjrNcIggNuI.js line 2 > eval line 1005 > eval line 1 > eval line 1 > eval, line 1: WEBGL_debug_renderer_info is deprecated in Firefox and will be removed. Please use RENDERER.
JavaScript error: , line 0: uncaught exception: 7
JavaScript warning: https://pagead2.googlesyndication.com/bg/PsgKtCaN-XibavDd5zYoPighR_y43YjKXjrNcIggNuI.js line 2 > eval line 3493 > eval line 1 > eval line 1 > eval, line 1: WEBGL_debug_renderer_info is deprecated in Firefox and will be removed. Please use RENDERER.
1662317311261	Marionette	INFO	Stopped listening on port 49695
JavaScript error: , line 0: TypeError: NetworkError when attempting to fetch resource.
[Parent 5608, IPC I/O Parent] WARNING: file /builds/worker/checkouts/gecko/ipc/chromium/src/base/process_util_win.cc:167
JavaScript error: resource://gre/modules/AsyncShutdown.jsm, line 719: Error: Phase "Sqlite.jsm: wait until all connections are closed" is finished, it is too late to register completion condition "protections.sqlite#0: waiting for shutdown"
1662318261663	geckodriver	INFO	Listening on 127.0.0.1:62657
1662318264752	mozrunner::runner	INFO	Running command: "C:\\Program Files\\Mozilla Firefox\\firefox.exe" "--marionette" "--remote-debugging-port" "62658" "--remote-allow-hosts" "localhost" "-no-remote" "-profile" "C:\\Users\\samue\\AppData\\Local\\Temp\\rust_mozprofileo2Dpxy"
1662318265015	Marionette	INFO	Marionette enabled
1662318265019	Marionette	INFO	Listening on port 62669
WebDriver BiDi listening on ws://localhost:62658
Read port: 62669
1662318265188	RemoteAgent	WARN	TLS certificate errors will be ignored for this session
console.warn: SearchSettings: "get: No settings file exists, new profile?" (new NotFoundError("Could not open the file at C:\\Users\\samue\\AppData\\Local\\Temp\\rust_mozprofileo2Dpxy\\search.json.mozlz4", (void 0)))
DevTools listening on ws://localhost:62658/devtools/browser/c895cd15-b6ab-4af3-a7ba-bc5b2d467bef
console.error: services.settings: 
  main/query-stripping Signature failed  InvalidSignatureError: Invalid content signature (main/query-stripping)
console.error: services.settings: 
  main/query-stripping local data was corrupted
console.warn: services.settings: main/query-stripping Signature verified failed. Retry from scratch
console.error: services.settings: 
  main/query-stripping Signature failed again InvalidSignatureError: Invalid content signature (main/query-stripping)
JavaScript warning: https://assets.adobedtm.com/a5ea4e8f4344/1648c62d3986/launch-53368d199d70.min.js, line 6: WEBGL_debug_renderer_info is deprecated in Firefox and will be removed. Please use RENDERER.
JavaScript warning: https://pagead2.googlesyndication.com/bg/PsgKtCaN-XibavDd5zYoPighR_y43YjKXjrNcIggNuI.js line 2 > eval line 3606 > eval line 1 > eval line 1 > eval, line 1: WEBGL_debug_renderer_info is deprecated in Firefox and will be removed. Please use RENDERER.
JavaScript warning: https://pagead2.googlesyndication.com/bg/PsgKtCaN-XibavDd5zYoPighR_y43YjKXjrNcIggNuI.js line 2 > eval line 3708 > eval line 1 > eval line 1 > eval, line 1: WEBGL_debug_renderer_info is deprecated in Firefox and will be removed. Please use RENDERER.
JavaScript warning: https://pagead2.googlesyndication.com/bg/PsgKtCaN-XibavDd5zYoPighR_y43YjKXjrNcIggNuI.js line 2 > eval line 7761 > eval line 1 > eval line 1 > eval, line 1: WEBGL_debug_renderer_info is deprecated in Firefox and will be removed. Please use RENDERER.
JavaScript error: , line 0: TypeError: NetworkError when attempting to fetch resource.
JavaScript error: , line 0: TypeError: NetworkError when attempting to fetch resource.
[GFX1-]: Receive IPC close with reason=AbnormalShutdown
[GFX1-]: Receive IPC close with reason=AbnormalShutdown
Exiting due to channel error.
efox\\firefox.exe" "--marionette" "--remote-debugging-port" "62866" "--remote-allow-hosts" "localhost" "-no-remote" "-profile" "C:\\Users\\samue\\AppData\\Local\\Temp\\rust_mozprofiledKXjLz"
1662318321541	Marionette	INFO	Marionette enabled
1662318321545	Marionette	INFO	Listening on port 62878
WebDriver BiDi listening on ws://localhost:62866
Read port: 62878
1662318321733	RemoteAgent	WARN	TLS certificate errors will be ignored for this session
console.warn: SearchSettings: "get: No settings file exists, new profile?" (new NotFoundError("Could not open the file at C:\\Users\\samue\\AppData\\Local\\Temp\\rust_mozprofiledKXjLz\\search.json.mozlz4", (void 0)))
DevTools listening on ws://localhost:62866/devtools/browser/0df54b8e-c7ec-4b21-ad57-d9039c3813b6
console.error: services.settings: 
  main/query-stripping Signature failed  InvalidSignatureError: Invalid content signature (main/query-stripping)
console.error: services.settings: 
  main/query-stripping local data was corrupted
console.warn: services.settings: main/query-stripping Signature verified failed. Retry from scratch
console.error: services.settings: 
  main/query-stripping Signature failed again InvalidSignatureError: Invalid content signature (main/query-stripping)
JavaScript warning: https://assets.adobedtm.com/a5ea4e8f4344/1648c62d3986/launch-53368d199d70.min.js, line 6: WEBGL_debug_renderer_info is deprecated in Firefox and will be removed. Please use RENDERER.
JavaScript warning: https://pagead2.googlesyndication.com/bg/PsgKtCaN-XibavDd5zYoPighR_y43YjKXjrNcIggNuI.js line 2 > eval line 5564 > eval line 1 > eval line 1 > eval, line 1: WEBGL_debug_renderer_info is deprecated in Firefox and will be removed. Please use RENDERER.
JavaScript warning: https://pagead2.googlesyndication.com/bg/PsgKtCaN-XibavDd5zYoPighR_y43YjKXjrNcIggNuI.js line 2 > eval line 3103 > eval line 1 > eval line 1 > eval, line 1: WEBGL_debug_renderer_info is deprecated in Firefox and will be removed. Please use RENDERER.
JavaScript warning: https://pagead2.googlesyndication.com/bg/PsgKtCaN-XibavDd5zYoPighR_y43YjKXjrNcIggNuI.js line 2 > eval line 5696 > eval line 1 > eval line 1 > eval, line 1: WEBGL_debug_renderer_info is deprecated in Firefox and will be removed. Please use RENDERER.
JavaScript error: https://assets.adobedtm.com/a5ea4e8f4344/1648c62d3986/launch-53368d199d70.min.js, line 11: Error: No identity was set on response.
JavaScript error: , line 0: TypeError: [alloy] [ActivityCollector] Network request failed.
Caused by: NetworkError when attempting to fetch resource.
JavaScript error: , line 0: TypeError: NetworkError when attempting to fetch resource.
JavaScript warning: https://assets.adobedtm.com/a5ea4e8f4344/1648c62d3986/launch-53368d199d70.min.js, line 6: WEBGL_debug_renderer_info is deprecated in Firefox and will be removed. Please use RENDERER.
JavaScript error: , line 0: TypeError: NetworkError when attempting to fetch resource.
JavaScript error: https://assets.adobedtm.com/a5ea4e8f4344/1648c62d3986/launch-53368d199d70.min.js, line 11: Error: No identity was set on response.
JavaScript error: , line 0: TypeError: [alloy] [ActivityCollector] Network request failed.
Caused by: NetworkError when attempting to fetch resource.
JavaScript warning: https://assets.adobedtm.com/a5ea4e8f4344/1648c62d3986/launch-53368d199d70.min.js, line 6: WEBGL_debug_renderer_info is deprecated in Firefox and will be removed. Please use RENDERER.
JavaScript warning: https://pagead2.googlesyndication.com/bg/PsgKtCaN-XibavDd5zYoPighR_y43YjKXjrNcIggNuI.js line 2 > eval line 6769 > eval line 1 > eval line 1 > eval, line 1: WEBGL_debug_renderer_info is deprecated in Firefox and will be removed. Please use RENDERER.
JavaScript warning: https://pagead2.googlesyndication.com/bg/PsgKtCaN-XibavDd5zYoPighR_y43YjKXjrNcIggNuI.js line 2 > eval line 3760 > eval line 1 > eval line 1 > eval, line 1: WEBGL_debug_renderer_info is deprecated in Firefox and will be removed. Please use RENDERER.
JavaScript warning: https://assets.adobedtm.com/a5ea4e8f4344/1648c62d3986/launch-53368d199d70.min.js, line 6: WEBGL_debug_renderer_info is deprecated in Firefox and will be removed. Please use RENDERER.
JavaScript warning: https://pagead2.googlesyndication.com/bg/PsgKtCaN-XibavDd5zYoPighR_y43YjKXjrNcIggNuI.js line 2 > eval line 2927 > eval line 1 > eval line 1 > eval, line 1: WEBGL_debug_renderer_info is deprecated in Firefox and will be removed. Please use RENDERER.
JavaScript warning: https://pagead2.googlesyndication.com/bg/PsgKtCaN-XibavDd5zYoPighR_y43YjKXjrNcIggNuI.js line 2 > eval line 1550 > eval line 1 > eval line 1 > eval, line 1: WEBGL_debug_renderer_info is deprecated in Firefox and will be removed. Please use RENDERER.
A content process crashed and MOZ_CRASHREPORTER_SHUTDOWN is set, shutting down
JavaScript error: chrome://global/content/elements/browser-custom-element.js, line 1624: Error: permitUnload is already running for this tab.
JavaScript error: resource:///modules/sessionstore/SessionStore.jsm, line 2185: TypeError: subject.QueryInterface is not a function
JavaScript error: resource:///modules/sessionstore/SessionStore.jsm, line 2185: TypeError: subject.QueryInterface is not a function
JavaScript error: resource:///modules/sessionstore/SessionStore.jsm, line 2185: TypeError: subject.QueryInterface is not a function
JavaScript error: resource:///modules/sessionstore/SessionStore.jsm, line 2185: TypeError: subject.QueryInterface is not a function
JavaScript error: resource:///modules/sessionstore/SessionStore.jsm, line 2185: TypeError: subject.QueryInterface is not a function
A content process crashed and MOZ_CRASHREPORTER_SHUTDOWN is set, shutting down
1662318368349	Marionette	INFO	Stopped listening on port 62878
[Parent 10728, IPC I/O Parent] WARNING: pipe error: 232: file /builds/worker/checkouts/gecko/ipc/chromium/src/chrome/common/ipc_channel_win.cc:554
JavaScript error: chrome://browser/content/browser.js, line 7986: uncaught exception: undefined
[Parent 10728, IPC I/O Parent] WARNING: pipe error: 232: file /builds/worker/checkouts/gecko/ipc/chromium/src/chrome/common/ipc_channel_win.cc:554
[Parent 10728, IPC I/O Parent] WARNING: file /builds/worker/checkouts/gecko/ipc/chromium/src/base/process_util_win.cc:167
Shutting down due to socket process crash.
[Parent 10728, IPC I/O Parent] WARNING: file /builds/worker/checkouts/gecko/ipc/chromium/src/base/process_util_win.cc:167
[GFX1-]: Receive IPC close with reason=AbnormalShutdown
A content process crashed and MOZ_CRASHREPORTER_SHUTDOWN is set, shutting down
[Parent 10728, IPC I/O Parent] WARNING: file /builds/worker/checkouts/gecko/ipc/chromium/src/base/process_util_win.cc:167
console.warn: TopSitesFeed: Failed to fetch data from Contile server: NetworkError when attempting to fetch resource.
1662318486726	geckodriver	INFO	Listening on 127.0.0.1:63210
1662318489802	mozrunner::runner	INFO	Running command: "C:\\Program Files\\Mozilla Firefox\\firefox.exe" "--marionette" "--remote-debugging-port" "63211" "--remote-allow-hosts" "localhost" "-no-remote" "-profile" "C:\\Users\\samue\\AppData\\Local\\Temp\\rust_mozprofileIsN77l"
1662318490069	Marionette	INFO	Marionette enabled
1662318490073	Marionette	INFO	Listening on port 63221
WebDriver BiDi listening on ws://localhost:63211
Read port: 63221
1662318490235	RemoteAgent	WARN	TLS certificate errors will be ignored for this session
console.warn: SearchSettings: "get: No settings file exists, new profile?" (new NotFoundError("Could not open the file at C:\\Users\\samue\\AppData\\Local\\Temp\\rust_mozprofileIsN77l\\search.json.mozlz4", (void 0)))
DevTools listening on ws://localhost:63211/devtools/browser/59cf5cf8-990b-4215-85dd-30b7782e1549
console.error: services.settings: 
  main/query-stripping Signature failed  InvalidSignatureError: Invalid content signature (main/query-stripping)
console.error: services.settings: 
  main/query-stripping local data was corrupted
console.warn: services.settings: main/query-stripping Signature verified failed. Retry from scratch
console.error: services.settings: 
  main/query-stripping Signature failed again InvalidSignatureError: Invalid content signature (main/query-stripping)
JavaScript warning: https://assets.adobedtm.com/a5ea4e8f4344/1648c62d3986/launch-53368d199d70.min.js, line 6: WEBGL_debug_renderer_info is deprecated in Firefox and will be removed. Please use RENDERER.
JavaScript warning: https://cdns.us1.gigya.com/js/gigya.js?apikey=3_Qa8TkWpIB8ESCBT8tY2TukbVKgO5F6BJVc7N1oComdwFzI7H2L9NOWdm11i_BY9f, line 79: Using //@ to indicate sourceURL pragmas is deprecated. Use //# instead
JavaScript error: https://www.nfl.com/compiledassets/js/vendor/requirejs/require-2.3.5.min.js?_t=bebd45d1f406bbe61424136b03e50895, line 5: Error: Load timeout for modules: gigya
http://requirejs.org/docs/errors.html#timeout
[GFX1-]: Receive IPC close with reason=AbnormalShutdown
[GFX1-]: Receive IPC close with reason=AbnormalShutdown
JavaScript error: resource:///modules/sessionstore/SessionStore.jsm, line 2185: TypeError: subject.QueryInterface is not a function
A content process crashed and MOZ_CRASHREPORTER_SHUTDOWN is set, shutting down
1662318558682	Marionette	INFO	Stopped listening on port 63221
[GFX1-]: Receive IPC close with reason=AbnormalShutdown
[Parent 4808, IPC I/O Parent] WARNING: file /builds/worker/checkouts/gecko/ipc/chromium/src/base/process_util_win.cc:167
console.warn: TopSitesFeed: Failed to fetch data from Contile server: NetworkError when attempting to fetch resource.
nsole.error: services.settings: 
  main/query-stripping Signature failed  InvalidSignatureError: Invalid content signature (main/query-stripping)
console.error: services.settings: 
  main/query-stripping local data was corrupted
console.warn: services.settings: main/query-stripping Signature verified failed. Retry from scratch
console.error: services.settings: 
  main/query-stripping Signature failed again InvalidSignatureError: Invalid content signature (main/query-stripping)
JavaScript warning: https://assets.adobedtm.com/a5ea4e8f4344/1648c62d3986/launch-53368d199d70.min.js, line 6: WEBGL_debug_renderer_info is deprecated in Firefox and will be removed. Please use RENDERER.
JavaScript warning: https://pagead2.googlesyndication.com/bg/PsgKtCaN-XibavDd5zYoPighR_y43YjKXjrNcIggNuI.js line 2 > eval line 1519 > eval line 1 > eval line 1 > eval, line 1: WEBGL_debug_renderer_info is deprecated in Firefox and will be removed. Please use RENDERER.
JavaScript warning: https://pagead2.googlesyndication.com/bg/PsgKtCaN-XibavDd5zYoPighR_y43YjKXjrNcIggNuI.js line 2 > eval line 1692 > eval line 1 > eval line 1 > eval, line 1: WEBGL_debug_renderer_info is deprecated in Firefox and will be removed. Please use RENDERER.
JavaScript warning: https://pagead2.googlesyndication.com/bg/PsgKtCaN-XibavDd5zYoPighR_y43YjKXjrNcIggNuI.js line 2 > eval line 27 > eval line 1 > eval line 1 > eval, line 1: WEBGL_debug_renderer_info is deprecated in Firefox and will be removed. Please use RENDERER.
1662318548486	Marionette	INFO	Stopped listening on port 54559
JavaScript error: resource://gre/modules/Sqlite.jsm, line 1108: Error: Sqlite.jsm has been shutdown. Cannot open connection to: C:\Users\samue\AppData\Local\Temp\rust_mozprofileOWhSZo\protections.sqlite
1662318667353	geckodriver	INFO	Listening on 127.0.0.1:54802
1662318670412	mozrunner::runner	INFO	Running command: "C:\\Program Files\\Mozilla Firefox\\firefox.exe" "--marionette" "--remote-debugging-port" "54803" "--remote-allow-hosts" "localhost" "-no-remote" "-profile" "C:\\Users\\samue\\AppData\\Local\\Temp\\rust_mozprofileIJ4opI"
1662318670670	Marionette	INFO	Marionette enabled
1662318670674	Marionette	INFO	Listening on port 54813
WebDriver BiDi listening on ws://localhost:54803
Read port: 54813
1662318670833	RemoteAgent	WARN	TLS certificate errors will be ignored for this session
console.warn: SearchSettings: "get: No settings file exists, new profile?" (new NotFoundError("Could not open the file at C:\\Users\\samue\\AppData\\Local\\Temp\\rust_mozprofileIJ4opI\\search.json.mozlz4", (void 0)))
DevTools listening on ws://localhost:54803/devtools/browser/69041311-d966-442a-b41e-a573f47ad877
console.error: services.settings: 
  main/query-stripping Signature failed  InvalidSignatureError: Invalid content signature (main/query-stripping)
console.error: services.settings: 
  main/query-stripping local data was corrupted
console.warn: services.settings: main/query-stripping Signature verified failed. Retry from scratch
console.error: services.settings: 
  main/query-stripping Signature failed again InvalidSignatureError: Invalid content signature (main/query-stripping)
JavaScript warning: https://assets.adobedtm.com/a5ea4e8f4344/1648c62d3986/launch-53368d199d70.min.js, line 6: WEBGL_debug_renderer_info is deprecated in Firefox and will be removed. Please use RENDERER.
JavaScript warning: https://pagead2.googlesyndication.com/bg/PsgKtCaN-XibavDd5zYoPighR_y43YjKXjrNcIggNuI.js line 2 > eval line 5926 > eval line 1 > eval line 1 > eval, line 1: WEBGL_debug_renderer_info is deprecated in Firefox and will be removed. Please use RENDERER.
JavaScript warning: https://pagead2.googlesyndication.com/bg/PsgKtCaN-XibavDd5zYoPighR_y43YjKXjrNcIggNuI.js line 2 > eval line 5373 > eval line 1 > eval line 1 > eval, line 1: WEBGL_debug_renderer_info is deprecated in Firefox and will be removed. Please use RENDERER.
JavaScript warning: https://pagead2.googlesyndication.com/bg/PsgKtCaN-XibavDd5zYoPighR_y43YjKXjrNcIggNuI.js line 2 > eval line 5396 > eval line 1 > eval line 1 > eval, line 1: WEBGL_debug_renderer_info is deprecated in Firefox and will be removed. Please use RENDERER.
JavaScript error: , line 0: uncaught exception: 7
1662318681343	Marionette	INFO	Stopped listening on port 54813
JavaScript error: resource://gre/modules/Sqlite.jsm, line 1108: Error: Sqlite.jsm has been shutdown. Cannot open connection to: C:\Users\samue\AppData\Local\Temp\rust_mozprofileIJ4opI\protections.sqlite
1662318740895	geckodriver	INFO	Listening on 127.0.0.1:51074
1662318743938	mozrunner::runner	INFO	Running command: "C:\\Program Files\\Mozilla Firefox\\firefox.exe" "--marionette" "--remote-debugging-port" "51075" "--remote-allow-hosts" "localhost" "-no-remote" "-profile" "C:\\Users\\samue\\AppData\\Local\\Temp\\rust_mozprofileW3hfOD"
1662318744195	Marionette	INFO	Marionette enabled
1662318744199	Marionette	INFO	Listening on port 51085
WebDriver BiDi listening on ws://localhost:51075
Read port: 51085
1662318744357	RemoteAgent	WARN	TLS certificate errors will be ignored for this session
console.warn: SearchSettings: "get: No settings file exists, new profile?" (new NotFoundError("Could not open the file at C:\\Users\\samue\\AppData\\Local\\Temp\\rust_mozprofileW3hfOD\\search.json.mozlz4", (void 0)))
DevTools listening on ws://localhost:51075/devtools/browser/f6aa19ec-33f5-4081-a525-6424f40edc66
console.error: services.settings: 
  main/query-stripping Signature failed  InvalidSignatureError: Invalid content signature (main/query-stripping)
console.error: services.settings: 
  main/query-stripping local data was corrupted
console.warn: services.settings: main/query-stripping Signature verified failed. Retry from scratch
console.error: services.settings: 
  main/query-stripping Signature failed again InvalidSignatureError: Invalid content signature (main/query-stripping)
JavaScript warning: https://assets.adobedtm.com/a5ea4e8f4344/1648c62d3986/launch-53368d199d70.min.js, line 6: WEBGL_debug_renderer_info is deprecated in Firefox and will be removed. Please use RENDERER.
JavaScript warning: https://pagead2.googlesyndication.com/bg/PsgKtCaN-XibavDd5zYoPighR_y43YjKXjrNcIggNuI.js line 2 > eval line 3422 > eval line 1 > eval line 1 > eval, line 1: WEBGL_debug_renderer_info is deprecated in Firefox and will be removed. Please use RENDERER.
JavaScript warning: https://pagead2.googlesyndication.com/bg/PsgKtCaN-XibavDd5zYoPighR_y43YjKXjrNcIggNuI.js line 2 > eval line 1067 > eval line 1 > eval line 1 > eval, line 1: WEBGL_debug_renderer_info is deprecated in Firefox and will be removed. Please use RENDERER.
JavaScript warning: https://pagead2.googlesyndication.com/bg/PsgKtCaN-XibavDd5zYoPighR_y43YjKXjrNcIggNuI.js line 2 > eval line 2292 > eval line 1 > eval line 1 > eval, line 1: WEBGL_debug_renderer_info is deprecated in Firefox and will be removed. Please use RENDERER.
1662318783759	Marionette	INFO	Stopped listening on port 51085
JavaScript error: , line 0: TypeError: NetworkError when attempting to fetch resource.
JavaScript error: , line 0: TypeError: NetworkError when attempting to fetch resource.
JavaScript error: resource://gre/modules/AsyncShutdown.jsm, line 719: Error: Phase "Sqlite.jsm: wait until all connections are closed" is finished, it is too late to register completion condition "protections.sqlite#0: waiting for shutdown"
1662318852569	geckodriver	INFO	Listening on 127.0.0.1:51306
1662318855642	mozrunner::runner	INFO	Running command: "C:\\Program Files\\Mozilla Firefox\\firefox.exe" "--marionette" "--remote-debugging-port" "51307" "--remote-allow-hosts" "localhost" "-no-remote" "-profile" "C:\\Users\\samue\\AppData\\Local\\Temp\\rust_mozprofile0RyzMJ"
1662318855903	Marionette	INFO	Marionette enabled
1662318855907	Marionette	INFO	Listening on port 51317
WebDriver BiDi listening on ws://localhost:51307
Read port: 51317
1662318856071	RemoteAgent	WARN	TLS certificate errors will be ignored for this session
console.warn: SearchSettings: "get: No settings file exists, new profile?" (new NotFoundError("Could not open the file at C:\\Users\\samue\\AppData\\Local\\Temp\\rust_mozprofile0RyzMJ\\search.json.mozlz4", (void 0)))
DevTools listening on ws://localhost:51307/devtools/browser/dc003dcb-e6ee-471b-a51d-5e4a5a2a3848
console.error: services.settings: 
  main/query-stripping Signature failed  InvalidSignatureError: Invalid content signature (main/query-stripping)
console.error: services.settings: 
  main/query-stripping local data was corrupted
console.warn: services.settings: main/query-stripping Signature verified failed. Retry from scratch
console.error: services.settings: 
  main/query-stripping Signature failed again InvalidSignatureError: Invalid content signature (main/query-stripping)
JavaScript warning: https://assets.adobedtm.com/a5ea4e8f4344/1648c62d3986/launch-53368d199d70.min.js, line 6: WEBGL_debug_renderer_info is deprecated in Firefox and will be removed. Please use RENDERER.
JavaScript warning: https://pagead2.googlesyndication.com/bg/PsgKtCaN-XibavDd5zYoPighR_y43YjKXjrNcIggNuI.js line 2 > eval line 6384 > eval line 1 > eval line 1 > eval, line 1: WEBGL_debug_renderer_info is deprecated in Firefox and will be removed. Please use RENDERER.
JavaScript warning: https://pagead2.googlesyndication.com/bg/PsgKtCaN-XibavDd5zYoPighR_y43YjKXjrNcIggNuI.js line 2 > eval line 699 > eval line 1 > eval line 1 > eval, line 1: WEBGL_debug_renderer_info is deprecated in Firefox and will be removed. Please use RENDERER.
1662318865399	Marionette	INFO	Stopped listening on port 51317
JavaScript error: , line 0: TypeError: NetworkError when attempting to fetch resource.
JavaScript error: resource://gre/modules/AsyncShutdown.jsm, line 719: Error: Phase "Sqlite.jsm: wait until all connections are closed" is finished, it is too late to register completion condition "protections.sqlite#0: waiting for shutdown"
1662319025439	geckodriver	INFO	Listening on 127.0.0.1:51559
1662319028522	mozrunner::runner	INFO	Running command: "C:\\Program Files\\Mozilla Firefox\\firefox.exe" "--marionette" "--remote-debugging-port" "51560" "--remote-allow-hosts" "localhost" "-no-remote" "-profile" "C:\\Users\\samue\\AppData\\Local\\Temp\\rust_mozprofileIJHA6W"
1662319028782	Marionette	INFO	Marionette enabled
1662319028785	Marionette	INFO	Listening on port 51571
WebDriver BiDi listening on ws://localhost:51560
Read port: 51571
1662319028940	RemoteAgent	WARN	TLS certificate errors will be ignored for this session
console.warn: SearchSettings: "get: No settings file exists, new profile?" (new NotFoundError("Could not open the file at C:\\Users\\samue\\AppData\\Local\\Temp\\rust_mozprofileIJHA6W\\search.json.mozlz4", (void 0)))
DevTools listening on ws://localhost:51560/devtools/browser/cd6e181d-a85e-407c-9a18-0f1c0ab86bee
console.error: services.settings: 
  main/query-stripping Signature failed  InvalidSignatureError: Invalid content signature (main/query-stripping)
console.error: services.settings: 
  main/query-stripping local data was corrupted
console.warn: services.settings: main/query-stripping Signature verified failed. Retry from scratch
console.error: services.settings: 
  main/query-stripping Signature failed again InvalidSignatureError: Invalid content signature (main/query-stripping)
JavaScript warning: https://assets.adobedtm.com/a5ea4e8f4344/1648c62d3986/launch-53368d199d70.min.js, line 6: WEBGL_debug_renderer_info is deprecated in Firefox and will be removed. Please use RENDERER.
JavaScript warning: https://pagead2.googlesyndication.com/bg/PsgKtCaN-XibavDd5zYoPighR_y43YjKXjrNcIggNuI.js line 2 > eval line 801 > eval line 1 > eval line 1 > eval, line 1: WEBGL_debug_renderer_info is deprecated in Firefox and will be removed. Please use RENDERER.
JavaScript warning: https://pagead2.googlesyndication.com/bg/PsgKtCaN-XibavDd5zYoPighR_y43YjKXjrNcIggNuI.js line 2 > eval line 2708 > eval line 1 > eval line 1 > eval, line 1: WEBGL_debug_renderer_info is deprecated in Firefox and will be removed. Please use RENDERER.
JavaScript warning: https://pagead2.googlesyndication.com/bg/PsgKtCaN-XibavDd5zYoPighR_y43YjKXjrNcIggNuI.js line 2 > eval line 4188 > eval line 1 > eval line 1 > eval, line 1: WEBGL_debug_renderer_info is deprecated in Firefox and will be removed. Please use RENDERER.
1662319039206	Marionette	INFO	Stopped listening on port 51571
JavaScript error: resource://gre/modules/Sqlite.jsm, line 1108: Error: Sqlite.jsm has been shutdown. Cannot open connection to: C:\Users\samue\AppData\Local\Temp\rust_mozprofileIJHA6W\protections.sqlite
1662319052915	geckodriver	INFO	Listening on 127.0.0.1:51744
1662319056012	mozrunner::runner	INFO	Running command: "C:\\Program Files\\Mozilla Firefox\\firefox.exe" "--marionette" "--remote-debugging-port" "51745" "--remote-allow-hosts" "localhost" "-no-remote" "-profile" "C:\\Users\\samue\\AppData\\Local\\Temp\\rust_mozprofileylkS9j"
1662319056268	Marionette	INFO	Marionette enabled
1662319056271	Marionette	INFO	Listening on port 51756
WebDriver BiDi listening on ws://localhost:51745
Read port: 51756
1662319056440	RemoteAgent	WARN	TLS certificate errors will be ignored for this session
console.warn: SearchSettings: "get: No settings file exists, new profile?" (new NotFoundError("Could not open the file at C:\\Users\\samue\\AppData\\Local\\Temp\\rust_mozprofileylkS9j\\search.json.mozlz4", (void 0)))
DevTools listening on ws://localhost:51745/devtools/browser/021c3d6d-758b-456a-b0ac-187302831d25
console.error: services.settings: 
  main/query-stripping Signature failed  InvalidSignatureError: Invalid content signature (main/query-stripping)
console.error: services.settings: 
  main/query-stripping local data was corrupted
console.warn: services.settings: main/query-stripping Signature verified failed. Retry from scratch
console.error: services.settings: 
  main/query-stripping Signature failed again InvalidSignatureError: Invalid content signature (main/query-stripping)
JavaScript warning: https://assets.adobedtm.com/a5ea4e8f4344/1648c62d3986/launch-53368d199d70.min.js, line 6: WEBGL_debug_renderer_info is deprecated in Firefox and will be removed. Please use RENDERER.
JavaScript warning: https://pagead2.googlesyndication.com/bg/PsgKtCaN-XibavDd5zYoPighR_y43YjKXjrNcIggNuI.js line 2 > eval line 6932 > eval line 1 > eval line 1 > eval, line 1: WEBGL_debug_renderer_info is deprecated in Firefox and will be removed. Please use RENDERER.
JavaScript warning: https://pagead2.googlesyndication.com/bg/PsgKtCaN-XibavDd5zYoPighR_y43YjKXjrNcIggNuI.js line 2 > eval line 3471 > eval line 1 > eval line 1 > eval, line 1: WEBGL_debug_renderer_info is deprecated in Firefox and will be removed. Please use RENDERER.
JavaScript warning: https://pagead2.googlesyndication.com/bg/PsgKtCaN-XibavDd5zYoPighR_y43YjKXjrNcIggNuI.js line 2 > eval line 270 > eval line 1 > eval line 1 > eval, line 1: WEBGL_debug_renderer_info is deprecated in Firefox and will be removed. Please use RENDERER.
JavaScript error: , line 0: uncaught exception: 7
JavaScript error: , line 0: TypeError: NetworkError when attempting to fetch resource.
JavaScript warning: https://assets.adobedtm.com/a5ea4e8f4344/1648c62d3986/launch-53368d199d70.min.js, line 6: WEBGL_debug_renderer_info is deprecated in Firefox and will be removed. Please use RENDERER.
JavaScript warning: https://pagead2.googlesyndication.com/bg/PsgKtCaN-XibavDd5zYoPighR_y43YjKXjrNcIggNuI.js line 2 > eval line 1582 > eval line 1 > eval line 1 > eval, line 1: WEBGL_debug_renderer_info is deprecated in Firefox and will be removed. Please use RENDERER.
JavaScript warning: https://pagead2.googlesyndication.com/bg/PsgKtCaN-XibavDd5zYoPighR_y43YjKXjrNcIggNuI.js line 2 > eval line 3091 > eval line 1 > eval line 1 > eval, line 1: WEBGL_debug_renderer_info is deprecated in Firefox and will be removed. Please use RENDERER.
1662319067934	Marionette	INFO	Stopped listening on port 51756
